{
  "stats": {
    "suites": 1,
    "tests": 2,
    "passes": 2,
    "pending": 0,
    "failures": 0,
    "start": "2022-06-24T08:08:53.818Z",
    "end": "2022-06-24T08:09:53.380Z",
    "duration": 59562,
    "testsRegistered": 2,
    "passPercent": 100,
    "pendingPercent": 0,
    "other": 0,
    "hasOther": false,
    "skipped": 0,
    "hasSkipped": false
  },
  "results": [
    {
      "uuid": "186a87e9-2afc-4675-8ada-38888c86927c",
      "title": "",
      "fullFile": "cypress\\e2e\\OnlinerTests\\CartManagement.spec.js",
      "file": "cypress\\e2e\\OnlinerTests\\CartManagement.spec.js",
      "beforeHooks": [],
      "afterHooks": [],
      "tests": [],
      "suites": [
        {
          "uuid": "be13ee3a-c621-4c5d-8d23-dddc2a9ec55e",
          "title": "Cart management",
          "fullFile": "",
          "file": "",
          "beforeHooks": [],
          "afterHooks": [],
          "tests": [
            {
              "title": "Delete from cart",
              "fullTitle": "Cart management Delete from cart",
              "timedOut": null,
              "duration": 26280,
              "state": "passed",
              "speed": "slow",
              "pass": true,
              "fail": false,
              "pending": false,
              "context": null,
              "code": "cy.get('.cart-form__button_remove').click({\n  force: true\n});\ncy.contains('.cart-form__link', 'Закрыть').click();\ncy.get('.cart-message__title').should('have.text', '\\n        Ваша корзина пуста\\n      ');",
              "err": {},
              "uuid": "7680e66f-80ef-4b78-a714-49ff12205976",
              "parentUUID": "be13ee3a-c621-4c5d-8d23-dddc2a9ec55e",
              "isHook": false,
              "skipped": false
            },
            {
              "title": "productAmount",
              "fullTitle": "Cart management productAmount",
              "timedOut": null,
              "duration": 33102,
              "state": "passed",
              "speed": "slow",
              "pass": true,
              "fail": false,
              "pending": false,
              "context": null,
              "code": "cy.get('.cart-form__offers-part_total').find('.cart-form__description_condensed-other').invoke('text').as('initialQuantity');\ncy.get('.cart-form__button_increment').click().wait(2000);\ncy.get('.cart-form__offers-part_total').find('.cart-form__description_condensed-other').invoke('text').as('plusQuantity');\ncy.get('@initialQuantity').then(initialQuantity => {\n  cy.get('@plusQuantity').then(plusQuantity => {\n    expect(plusQuantity.trim()).to.not.eq(initialQuantity.trim());\n  });\n});\ncy.get('.cart-form__button_decrement').click().wait(2000);\ncy.get('.cart-form__offers-part_total').find('.cart-form__description_condensed-other').invoke('text').as('minusQuantity');\ncy.get('@initialQuantity').then(initialQuantity => {\n  cy.get('@minusQuantity').then(minusQuantity => {\n    expect(minusQuantity.trim()).to.eq(initialQuantity.trim());\n  });\n});",
              "err": {},
              "uuid": "a09e8b92-cb98-4bf5-b7af-3f31c7de8452",
              "parentUUID": "be13ee3a-c621-4c5d-8d23-dddc2a9ec55e",
              "isHook": false,
              "skipped": false
            }
          ],
          "suites": [],
          "passes": [
            "7680e66f-80ef-4b78-a714-49ff12205976",
            "a09e8b92-cb98-4bf5-b7af-3f31c7de8452"
          ],
          "failures": [],
          "pending": [],
          "skipped": [],
          "duration": 59382,
          "root": false,
          "rootEmpty": false,
          "_timeout": 2000
        }
      ],
      "passes": [],
      "failures": [],
      "pending": [],
      "skipped": [],
      "duration": 0,
      "root": true,
      "rootEmpty": true,
      "_timeout": 2000
    }
  ],
  "meta": {
    "mocha": {
      "version": "7.0.1"
    },
    "mochawesome": {
      "options": {
        "quiet": false,
        "reportFilename": "mochawesome",
        "saveHtml": false,
        "saveJson": true,
        "consoleReporter": "spec",
        "useInlineDiffs": false,
        "code": true
      },
      "version": "7.1.3"
    },
    "marge": {
      "options": {
        "reportDir": "cypress/results",
        "overwrite": false,
        "html": false,
        "json": true
      },
      "version": "6.2.0"
    }
  }
}