{
  "stats": {
    "suites": 1,
    "tests": 1,
    "passes": 1,
    "pending": 0,
    "failures": 0,
    "start": "2022-06-24T08:08:23.708Z",
    "end": "2022-06-24T08:08:49.287Z",
    "duration": 25579,
    "testsRegistered": 1,
    "passPercent": 100,
    "pendingPercent": 0,
    "other": 0,
    "hasOther": false,
    "skipped": 0,
    "hasSkipped": false
  },
  "results": [
    {
      "uuid": "27966819-d971-4dfa-a801-457191257e31",
      "title": "",
      "fullFile": "cypress\\e2e\\OnlinerTests\\AddToCart.spec.js",
      "file": "cypress\\e2e\\OnlinerTests\\AddToCart.spec.js",
      "beforeHooks": [],
      "afterHooks": [],
      "tests": [],
      "suites": [
        {
          "uuid": "eedbd28b-c6fa-4b0f-9913-35f7c7e6a73e",
          "title": "Second test suite",
          "fullFile": "",
          "file": "",
          "beforeHooks": [],
          "afterHooks": [],
          "tests": [
            {
              "title": "Add to cart",
              "fullTitle": "Second test suite Add to cart",
              "timedOut": null,
              "duration": 25406,
              "state": "passed",
              "speed": "slow",
              "pass": true,
              "fail": false,
              "pending": false,
              "context": null,
              "code": "cy.openHomePage();\ncy.get('a[href=\"https://catalog.onliner.by\"]').contains('Каталог').click('topLeft', {\n  force: true\n});\ncy.contains('span', 'Электроника').click();\ncy.contains('.catalog-navigation-list__aside-title', ' Мобильные телефоны и аксессуары ').click();\ncy.get('.catalog-navigation-list__dropdown-list').then(catalogNavigation => {\n  cy.wrap(catalogNavigation).find('[href=\"https://catalog.onliner.by/mobile\"]').click();\n});\ncy.get('.schema-product__group').find('.js-product-title-link').first().click().invoke('text').as('productName');\ncy.get('.product-aside__offers-item_primary').find('.js-short-price-link').invoke('text').as('MarketPrice');\ncy.contains('В корзину').click();\ncy.contains('Перейти в корзину').click();\ncy.get('.cart-form__offers-part_total').find('span').invoke('text').as('CartPrice');\ncy.get('.cart-form__offers-part_data').find('a').invoke('text').as('productNameInCart');\ncy.get('@productNameInCart').then(productNameInCart => {\n  cy.get('@productName').then(productName => {\n    expect(productName.trim()).to.eq(productNameInCart.trim());\n  });\n});\ncy.get('@MarketPrice').then(MarketPrice => {\n  cy.get('@CartPrice').then(CartPrice => {\n    expect(CartPrice.trim()).to.eq(MarketPrice.trim());\n  });\n});",
              "err": {},
              "uuid": "bf5c6b6a-cc49-40e3-83e0-993a5d6520fb",
              "parentUUID": "eedbd28b-c6fa-4b0f-9913-35f7c7e6a73e",
              "isHook": false,
              "skipped": false
            }
          ],
          "suites": [],
          "passes": [
            "bf5c6b6a-cc49-40e3-83e0-993a5d6520fb"
          ],
          "failures": [],
          "pending": [],
          "skipped": [],
          "duration": 25406,
          "root": false,
          "rootEmpty": false,
          "_timeout": 2000
        }
      ],
      "passes": [],
      "failures": [],
      "pending": [],
      "skipped": [],
      "duration": 0,
      "root": true,
      "rootEmpty": true,
      "_timeout": 2000
    }
  ],
  "meta": {
    "mocha": {
      "version": "7.0.1"
    },
    "mochawesome": {
      "options": {
        "quiet": false,
        "reportFilename": "mochawesome",
        "saveHtml": false,
        "saveJson": true,
        "consoleReporter": "spec",
        "useInlineDiffs": false,
        "code": true
      },
      "version": "7.1.3"
    },
    "marge": {
      "options": {
        "reportDir": "cypress/results",
        "overwrite": false,
        "html": false,
        "json": true
      },
      "version": "6.2.0"
    }
  }
}