{
  "stats": {
    "suites": 1,
    "tests": 1,
    "passes": 1,
    "pending": 0,
    "failures": 0,
    "start": "2022-06-23T21:58:19.002Z",
    "end": "2022-06-23T21:58:48.467Z",
    "duration": 29465,
    "testsRegistered": 1,
    "passPercent": 100,
    "pendingPercent": 0,
    "other": 0,
    "hasOther": false,
    "skipped": 0,
    "hasSkipped": false
  },
  "results": [
    {
      "uuid": "130d5878-9f4a-4c34-8a1e-e74ea07931d4",
      "title": "",
      "fullFile": "cypress\\e2e\\PageObjectTests\\cartManagement.spec.js",
      "file": "cypress\\e2e\\PageObjectTests\\cartManagement.spec.js",
      "beforeHooks": [],
      "afterHooks": [],
      "tests": [],
      "suites": [
        {
          "uuid": "dcadf011-1dc4-4040-8872-b6dfc0be83a4",
          "title": "POM addToCart",
          "fullFile": "",
          "file": "",
          "beforeHooks": [],
          "afterHooks": [],
          "tests": [
            {
              "title": "quantityChange",
              "fullTitle": "POM addToCart quantityChange",
              "timedOut": null,
              "duration": 29335,
              "state": "passed",
              "speed": "slow",
              "pass": true,
              "fail": false,
              "pending": false,
              "context": null,
              "code": "_CartPage.cartManagement.getProductQuantity();\n_CartPage.cartManagement.clickPlusQuantity();\n_CartPage.cartManagement.getPlusQuantity();\n_CartPage.cartManagement.clickMinusQuantity();\n_CartPage.cartManagement.getMinusQuantity();\ncy.get('@initialQuantity').then(initialQuantity => {\n  cy.get('@plusQuantity').then(plusQuantity => {\n    expect(plusQuantity.trim()).to.not.eq(initialQuantity.trim());\n  });\n});\ncy.get('@initialQuantity').then(initialQuantity => {\n  cy.get('@minusQuantity').then(minusQuantity => {\n    expect(minusQuantity.trim()).to.eq(initialQuantity.trim());\n  });\n});",
              "err": {},
              "uuid": "7f43bb88-c2aa-46c7-b30b-eda159b8ccd9",
              "parentUUID": "dcadf011-1dc4-4040-8872-b6dfc0be83a4",
              "isHook": false,
              "skipped": false
            }
          ],
          "suites": [],
          "passes": [
            "7f43bb88-c2aa-46c7-b30b-eda159b8ccd9"
          ],
          "failures": [],
          "pending": [],
          "skipped": [],
          "duration": 29335,
          "root": false,
          "rootEmpty": false,
          "_timeout": 2000
        }
      ],
      "passes": [],
      "failures": [],
      "pending": [],
      "skipped": [],
      "duration": 0,
      "root": true,
      "rootEmpty": true,
      "_timeout": 2000
    }
  ],
  "meta": {
    "mocha": {
      "version": "7.0.1"
    },
    "mochawesome": {
      "options": {
        "quiet": false,
        "reportFilename": "mochawesome",
        "saveHtml": false,
        "saveJson": true,
        "consoleReporter": "spec",
        "useInlineDiffs": false,
        "code": true
      },
      "version": "7.1.3"
    },
    "marge": {
      "options": {
        "reportDir": "cypress/results",
        "overwrite": false,
        "html": false,
        "json": true
      },
      "version": "6.2.0"
    }
  }
}