{
  "stats": {
    "suites": 1,
    "tests": 1,
    "passes": 1,
    "pending": 0,
    "failures": 0,
    "start": "2022-06-24T08:11:16.920Z",
    "end": "2022-06-24T08:11:22.728Z",
    "duration": 5808,
    "testsRegistered": 1,
    "passPercent": 100,
    "pendingPercent": 0,
    "other": 0,
    "hasOther": false,
    "skipped": 0,
    "hasSkipped": false
  },
  "results": [
    {
      "uuid": "2a33034b-355d-4d61-b321-c38968f2834b",
      "title": "",
      "fullFile": "cypress\\e2e\\PageObjectTests\\Login.spec.js",
      "file": "cypress\\e2e\\PageObjectTests\\Login.spec.js",
      "beforeHooks": [],
      "afterHooks": [],
      "tests": [],
      "suites": [
        {
          "uuid": "f89dc9f5-bc2c-4f06-a524-411f5da2b8cf",
          "title": "POM check",
          "fullFile": "",
          "file": "",
          "beforeHooks": [],
          "afterHooks": [],
          "tests": [
            {
              "title": "Login",
              "fullTitle": "POM check Login",
              "timedOut": null,
              "duration": 5627,
              "state": "passed",
              "speed": "medium",
              "pass": true,
              "fail": false,
              "pending": false,
              "context": null,
              "code": "_HomePage.navigateTo.clickOpenLogIn();\n_HomePage.navigateTo.typeUsername(userLogin);\n_HomePage.navigateTo.typePassword(userPassword);\n_HomePage.navigateTo.clickLogBttn();",
              "err": {},
              "uuid": "554335be-97f4-437a-ab6d-eab7be9ad51b",
              "parentUUID": "f89dc9f5-bc2c-4f06-a524-411f5da2b8cf",
              "isHook": false,
              "skipped": false
            }
          ],
          "suites": [],
          "passes": [
            "554335be-97f4-437a-ab6d-eab7be9ad51b"
          ],
          "failures": [],
          "pending": [],
          "skipped": [],
          "duration": 5627,
          "root": false,
          "rootEmpty": false,
          "_timeout": 2000
        }
      ],
      "passes": [],
      "failures": [],
      "pending": [],
      "skipped": [],
      "duration": 0,
      "root": true,
      "rootEmpty": true,
      "_timeout": 2000
    }
  ],
  "meta": {
    "mocha": {
      "version": "7.0.1"
    },
    "mochawesome": {
      "options": {
        "quiet": false,
        "reportFilename": "mochawesome",
        "saveHtml": false,
        "saveJson": true,
        "consoleReporter": "spec",
        "useInlineDiffs": false,
        "code": true
      },
      "version": "7.1.3"
    },
    "marge": {
      "options": {
        "reportDir": "cypress/results",
        "overwrite": false,
        "html": false,
        "json": true
      },
      "version": "6.2.0"
    }
  }
}