{
  "stats": {
    "suites": 1,
    "tests": 1,
    "passes": 1,
    "pending": 0,
    "failures": 0,
    "start": "2022-06-23T21:58:53.203Z",
    "end": "2022-06-23T21:58:57.822Z",
    "duration": 4619,
    "testsRegistered": 1,
    "passPercent": 100,
    "pendingPercent": 0,
    "other": 0,
    "hasOther": false,
    "skipped": 0,
    "hasSkipped": false
  },
  "results": [
    {
      "uuid": "5b36f137-8c1d-4932-8107-8d83794da003",
      "title": "",
      "fullFile": "cypress\\e2e\\PageObjectTests\\Login.spec.js",
      "file": "cypress\\e2e\\PageObjectTests\\Login.spec.js",
      "beforeHooks": [],
      "afterHooks": [],
      "tests": [],
      "suites": [
        {
          "uuid": "cc4e2b6e-d460-4b77-8de4-712f70a351c1",
          "title": "POM check",
          "fullFile": "",
          "file": "",
          "beforeHooks": [],
          "afterHooks": [],
          "tests": [
            {
              "title": "Login",
              "fullTitle": "POM check Login",
              "timedOut": null,
              "duration": 4558,
              "state": "passed",
              "speed": "fast",
              "pass": true,
              "fail": false,
              "pending": false,
              "context": null,
              "code": "_HomePage.navigateTo.clickOpenLogIn();\n_HomePage.navigateTo.typeUsername(userLogin);\n_HomePage.navigateTo.typePassword(userPassword);\n_HomePage.navigateTo.clickLogBttn();",
              "err": {},
              "uuid": "c06811ce-1f50-415a-b096-86af08aff495",
              "parentUUID": "cc4e2b6e-d460-4b77-8de4-712f70a351c1",
              "isHook": false,
              "skipped": false
            }
          ],
          "suites": [],
          "passes": [
            "c06811ce-1f50-415a-b096-86af08aff495"
          ],
          "failures": [],
          "pending": [],
          "skipped": [],
          "duration": 4558,
          "root": false,
          "rootEmpty": false,
          "_timeout": 2000
        }
      ],
      "passes": [],
      "failures": [],
      "pending": [],
      "skipped": [],
      "duration": 0,
      "root": true,
      "rootEmpty": true,
      "_timeout": 2000
    }
  ],
  "meta": {
    "mocha": {
      "version": "7.0.1"
    },
    "mochawesome": {
      "options": {
        "quiet": false,
        "reportFilename": "mochawesome",
        "saveHtml": false,
        "saveJson": true,
        "consoleReporter": "spec",
        "useInlineDiffs": false,
        "code": true
      },
      "version": "7.1.3"
    },
    "marge": {
      "options": {
        "reportDir": "cypress/results",
        "overwrite": false,
        "html": false,
        "json": true
      },
      "version": "6.2.0"
    }
  }
}