{
  "stats": {
    "suites": 1,
    "tests": 1,
    "passes": 1,
    "pending": 0,
    "failures": 0,
    "start": "2022-06-23T13:25:27.535Z",
    "end": "2022-06-23T13:25:35.484Z",
    "duration": 7949,
    "testsRegistered": 1,
    "passPercent": 100,
    "pendingPercent": 0,
    "other": 0,
    "hasOther": false,
    "skipped": 0,
    "hasSkipped": false
  },
  "results": [
    {
      "uuid": "d3d37a90-851f-41ce-b621-4b01c425e31e",
      "title": "",
      "fullFile": "cypress\\e2e\\PageObjectTests\\Login.spec.js",
      "file": "cypress\\e2e\\PageObjectTests\\Login.spec.js",
      "beforeHooks": [],
      "afterHooks": [],
      "tests": [],
      "suites": [
        {
          "uuid": "fdb7fc20-5d9d-4cfa-aa26-c72f8b461c9c",
          "title": "POM check",
          "fullFile": "",
          "file": "",
          "beforeHooks": [],
          "afterHooks": [],
          "tests": [
            {
              "title": "Login",
              "fullTitle": "POM check Login",
              "timedOut": null,
              "duration": 7870,
              "state": "passed",
              "speed": "medium",
              "pass": true,
              "fail": false,
              "pending": false,
              "context": null,
              "code": "_HomePage.navigateTo.clickOpenLogIn();\n_HomePage.navigateTo.typeUsername(userLogin);\n_HomePage.navigateTo.typePassword(userPassword);\n_HomePage.navigateTo.clickLogBttn();",
              "err": {},
              "uuid": "45e10759-5c07-4e4b-b048-17747046f81a",
              "parentUUID": "fdb7fc20-5d9d-4cfa-aa26-c72f8b461c9c",
              "isHook": false,
              "skipped": false
            }
          ],
          "suites": [],
          "passes": [
            "45e10759-5c07-4e4b-b048-17747046f81a"
          ],
          "failures": [],
          "pending": [],
          "skipped": [],
          "duration": 7870,
          "root": false,
          "rootEmpty": false,
          "_timeout": 2000
        }
      ],
      "passes": [],
      "failures": [],
      "pending": [],
      "skipped": [],
      "duration": 0,
      "root": true,
      "rootEmpty": true,
      "_timeout": 2000
    }
  ],
  "meta": {
    "mocha": {
      "version": "7.0.1"
    },
    "mochawesome": {
      "options": {
        "quiet": false,
        "reportFilename": "mochawesome",
        "saveHtml": true,
        "saveJson": true,
        "consoleReporter": "spec",
        "useInlineDiffs": false,
        "code": true
      },
      "version": "7.1.3"
    },
    "marge": {
      "options": null,
      "version": "6.2.0"
    }
  }
}